0000000000000000 a __start__
0000000000000000 T _start
0000000000000000 b _TLS_MODULE_BASE_
0000000000000000 0000000000000004 b g_fsPriority
0000000000000004 0000000000000004 b fsdev_last_result
0000000000000008 0000000000000401 B __nx_dev_path_buf
00000000000000e0 T __nx_exit
00000000000000f0 T __nx_mod0
0000000000000130 0000000000000010 T std::terminate()
0000000000000140 0000000000000010 T std::unexpected()
0000000000000150 0000000000000034 W __gnu_cxx::__throw_concurrence_lock_error()
0000000000000184 0000000000000034 W __gnu_cxx::__throw_concurrence_unlock_error()
00000000000001b8 00000000000000b4 T std::__throw_system_error(int)
000000000000026c 0000000000000044 T __cxa_call_terminate
00000000000002b0 0000000000000050 T std::__throw_logic_error(char const*)
0000000000000300 0000000000000050 T std::__throw_length_error(char const*)
0000000000000360 0000000000000034 t _GLOBAL__sub_D_eh_globals.cc
00000000000003a0 000000000000001c t _GLOBAL__sub_D.00098_tzdb.cc
00000000000003c0 0000000000000034 T exit
0000000000000400 0000000000000158 T main
0000000000000560 00000000000001f0 t _GLOBAL__sub_I_eh_alloc.cc
0000000000000760 0000000000000038 t _GLOBAL__sub_I_eh_globals.cc
00000000000007a0 00000000000000a4 t _GLOBAL__sub_I_cxx11_wlocale_inst.cc
0000000000000860 00000000000000f4 t _GLOBAL__sub_I_locale_inst.cc
0000000000000960 00000000000000f4 t _GLOBAL__sub_I_wlocale_inst.cc
0000000000000a60 00000000000000a4 t _GLOBAL__sub_I_cxx11_locale_inst.cc
0000000000000b20 t __do_global_dtors_aux
0000000000000b80 t frame_dummy
0000000000000bb0 0000000000000004 W std::thread::_M_thread_deps_never_run()
0000000000000bc0 000000000000000c W std::thread::_State_impl<std::thread::_Invoker<std::tuple<void (*)()> > >::_M_run()
0000000000000bd0 0000000000000010 W std::thread::_State_impl<std::thread::_Invoker<std::tuple<void (*)()> > >::~_State_impl()
0000000000000bd0 0000000000000010 W std::thread::_State_impl<std::thread::_Invoker<std::tuple<void (*)()> > >::~_State_impl()
0000000000000be0 0000000000000034 W std::thread::_State_impl<std::thread::_Invoker<std::tuple<void (*)()> > >::~_State_impl()
0000000000000c20 00000000000000bc T loadWav(char const*, WavData&)
0000000000000ce0 0000000000000084 T playMusic()
0000000000000d70 0000000000000084 T printFrame(int)
0000000000000e00 0000000000000018 t _appletInfiniteSleepLoop
0000000000000e20 0000000000000108 t _appletCmdGetSession
0000000000000f30 00000000000000cc t _appletCmdInU8NoOut
0000000000001000 00000000000000cc t _appletCmdInU32NoOut
00000000000010d0 000000000000012c t _appletGetSessionProxy.constprop.0
0000000000001200 0000000000000148 t _appletOpenLibraryAppletProxy.constprop.0
0000000000001350 00000000000000f8 t _appletCmdGetEvent
0000000000001450 00000000000000d4 t _appletCmdNoInOutU8.isra.0
0000000000001530 00000000000000d4 t _appletCmdNoInOutU32.isra.0
0000000000001610 00000000000000d4 t _appletCmdNoInOutU64.isra.0
00000000000016f0 00000000000000c0 t _appletCmdNoIO.isra.0
00000000000017b0 0000000000000010 T appletGetAppletType
00000000000017c0 00000000000001b8 T appletSetFocusHandlingMode
0000000000001980 000000000000005c T appletSetCpuBoostMode
00000000000019e0 000000000000002c T appletCreateManagedDisplayLayer
0000000000001a10 000000000000000c T appletGetAppletResourceUserId
0000000000001a20 0000000000000138 t _appletHolderCreateState
0000000000001b60 00000000000000b0 T appletHolderClose
0000000000001c10 0000000000000024 T appletHolderGetLibraryAppletInfo
0000000000001c40 0000000000000090 T appletNotifyRunning
0000000000001cd0 0000000000000078 T appletSetGamePlayRecordingState
0000000000001d50 0000000000000ad4 t _appletCleanup
0000000000002830 0000000000000048 T appletExit
0000000000002880 0000000000000040 T appletGetLibraryAppletInfo
00000000000028c0 0000000000000c14 T appletInitialize
00000000000034e0 0000000000000024 t _appletExitProcess
0000000000003510 0000000000000074 T appletGetMessage
0000000000003590 0000000000000264 T appletProcessMessage
0000000000003800 0000000000000034 T appletMainLoop
0000000000003840 0000000000000104 t _audoutCleanup
0000000000003950 00000000000000bc t _audoutCmdNoIO.constprop.0
0000000000003a10 0000000000000048 T audoutExit
0000000000003a60 00000000000002b8 T audoutOpenAudioOut
0000000000003d20 00000000000001e0 T audoutInitialize
0000000000003f00 0000000000000008 T audoutStartAudioOut
0000000000003f10 0000000000000008 T audoutStopAudioOut
0000000000003f20 00000000000001c8 T audoutAppendAudioOutBuffer
00000000000040f0 000000000000018c T audoutGetReleasedAudioOutBuffer
0000000000004280 0000000000000078 T audoutWaitPlayFinish
0000000000004300 00000000000000cc t _smCmifCmdInPid
00000000000043d0 0000000000000078 t _smCleanup
0000000000004450 0000000000000048 T smAddOverrideHandle
00000000000044a0 0000000000000054 T smGetServiceOverride
0000000000004500 00000000000001ac T smInitialize
00000000000046b0 0000000000000048 T smExit
0000000000004700 00000000000000d0 T smGetServiceOriginal
00000000000047d0 0000000000000120 T smGetServiceWrapper
00000000000048f0 000000000000001c W diagAbortWithResult
0000000000004910 0000000000000208 T envSetup
0000000000004b20 0000000000000020 T envGetMainThreadHandle
0000000000004b40 000000000000000c T envIsNso
0000000000004b50 0000000000000014 T envHasHeapOverride
0000000000004b70 000000000000000c T envGetHeapOverrideAddr
0000000000004b80 000000000000000c T envGetHeapOverrideSize
0000000000004b90 0000000000000014 T envHasArgv
0000000000004bb0 000000000000000c T envGetArgv
0000000000004bc0 000000000000000c T envGetExitFuncPtr
0000000000004bd0 000000000000000c T envSetExitFuncPtr
0000000000004be0 000000000000000c T envHasRandomSeed
0000000000004bf0 0000000000000010 T envGetRandomSeed
0000000000004c00 0000000000000014 T hosversionGet
0000000000004c20 0000000000000010 T hosversionSet
0000000000004c30 000000000000009c T padConfigureInput
0000000000004cd0 0000000000000024 T padInitializeWithMask
0000000000004d00 0000000000000050 t consoleDrawChar
0000000000004d50 00000000000000b8 t consoleNewRow
0000000000004e10 0000000000000194 t consolePrintChar.part.0
0000000000004fb0 0000000000000dd4 t con_write
0000000000005d90 0000000000000160 T consoleInit
0000000000005ef0 0000000000000044 T consoleExit
0000000000005f40 000000000000002c T consoleUpdate
0000000000005f70 0000000000000098 T consoleClear
0000000000006010 00000000000001bc t ConsoleSwRenderer_drawChar
00000000000061d0 00000000000000e8 t ConsoleSwRenderer_init
00000000000062c0 0000000000000078 t ConsoleSwRenderer_flushAndSwap
0000000000006340 00000000000000ec t ConsoleSwRenderer_scrollWindow
0000000000006430 0000000000000050 t ConsoleSwRenderer_deinit
0000000000006480 000000000000000c W getDefaultConsoleRenderer
0000000000006490 0000000000000008 t romfs_close
00000000000064a0 0000000000000088 t romfs_seek
0000000000006530 000000000000001c t romfs_dirreset
0000000000006550 0000000000000100 t fillDir
0000000000006650 00000000000002b0 t romfs_dirnext
0000000000006900 0000000000000150 t searchForDir
0000000000006a50 0000000000000150 t searchForFile
0000000000006ba0 0000000000000150 t _romfs_read_safe
0000000000006cf0 00000000000000b8 t _romfs_read
0000000000006db0 0000000000000080 t romfs_read
0000000000006e30 00000000000000b4 t romfs_free
0000000000006ef0 00000000000001f4 t navigateToDir.constprop.0
00000000000070f0 0000000000000108 t romfs_open
0000000000007200 00000000000001a0 t romfs_stat
00000000000073a0 0000000000000054 t romfs_chdir
0000000000007400 0000000000000084 t romfs_diropen
0000000000007490 0000000000000008 t romfs_dirclose
00000000000074a0 0000000000000150 t romfsFindMount
00000000000075f0 0000000000000070 t romfs_fstat
0000000000007660 00000000000001b0 t romfsMountCommon
0000000000007810 0000000000000068 T romfsMountFromFile
0000000000007880 000000000000006c T romfsMountFromStorage
00000000000078f0 0000000000000038 T romfsMountFromCurrentProcess
0000000000007930 0000000000000188 T romfsMountSelf
0000000000007ac0 00000000000000a8 T romfsUnmount
0000000000007b68 T svcSetHeapSize
0000000000007b7c T svcSetMemoryPermission
0000000000007b84 T svcSetMemoryAttribute
0000000000007b8c T svcMapMemory
0000000000007b94 T svcUnmapMemory
0000000000007b9c T svcQueryMemory
0000000000007bb0 T svcExitProcess
0000000000007bb8 T svcCreateThread
0000000000007bcc T svcStartThread
0000000000007bd4 T svcExitThread
0000000000007bdc T svcSleepThread
0000000000007be4 T svcSetThreadCoreMask
0000000000007bec T svcClearEvent
0000000000007bf4 T svcMapSharedMemory
0000000000007bfc T svcUnmapSharedMemory
0000000000007c04 T svcCreateTransferMemory
0000000000007c18 T svcCloseHandle
0000000000007c20 T svcResetSignal
0000000000007c28 T svcWaitSynchronization
0000000000007c3c T svcArbitrateLock
0000000000007c44 T svcArbitrateUnlock
0000000000007c4c T svcWaitProcessWideKeyAtomic
0000000000007c54 T svcSignalProcessWideKey
0000000000007c5c T svcConnectToNamedPort
0000000000007c70 T svcSendSyncRequest
0000000000007c78 T svcBreak
0000000000007c80 T svcReturnFromException
0000000000007c88 T svcGetInfo
0000000000007c9c T svcUnmapTransferMemory
0000000000007ca4 T __aarch64_read_tp
0000000000007cb0 000000000000000c T eventLoadRemote
0000000000007cc0 0000000000000034 T eventWait
0000000000007d00 0000000000000024 T eventClear
0000000000007d30 0000000000000054 T eventClose
0000000000007d90 00000000000000c8 T mutexLock
0000000000007e60 0000000000000068 T mutexUnlock
0000000000007ed0 000000000000001c T mutexIsLockedByCurrentThread
0000000000007ef0 0000000000000058 T rmutexLock
0000000000007f50 000000000000001c T rmutexUnlock
0000000000007f70 00000000000000a8 T tmemCreate
0000000000008020 0000000000000034 T tmemUnmap
0000000000008060 0000000000000030 T tmemCloseHandle
0000000000008090 000000000000009c T tmemWaitForPermission
0000000000008130 0000000000000050 T tmemClose
0000000000008180 0000000000000064 t _memregionInitWithInfo
00000000000081f0 0000000000000004 W __libnx_virtmem_rng
0000000000008200 0000000000000164 t _memregionFindRandom
0000000000008370 0000000000000140 T virtmemSetup
00000000000084b0 000000000000000c T virtmemLock
00000000000084c0 000000000000000c T virtmemUnlock
00000000000084d0 0000000000000050 T virtmemFindAslr
0000000000008520 0000000000000050 T virtmemFindStack
0000000000008570 000000000000057c T waitObjects
0000000000008af0 0000000000000118 T waitHandles
0000000000008c10 00000000000000d4 t _apmCleanup
0000000000008cf0 0000000000000194 T apmInitialize
0000000000008e90 0000000000000048 T apmExit
0000000000008ee0 00000000000000c8 T apmSetPerformanceConfiguration
0000000000008fb0 00000000000000b4 t _fsCleanup
0000000000009070 00000000000001c0 t _fsCmdNoIO
0000000000009230 00000000000001e0 t _fsFsCmdWithInPath
0000000000009410 00000000000001f8 t _fsFsCmdWithTwoInPaths
0000000000009610 000000000000028c t _fsFsOpenCommon
00000000000098a0 00000000000001fc t _fsFsCmdWithInPathAndOutU64
0000000000009aa0 00000000000000f8 t _fsObjectClose
0000000000009ba0 000000000000017c t _fsCmdGetSession.constprop.0
0000000000009d20 00000000000002f8 T fsInitialize
000000000000a020 0000000000000048 T fsExit
000000000000a070 0000000000000008 T fsOpenSdCardFileSystem
000000000000a080 0000000000000008 T fsOpenDataStorageByCurrentProcess
000000000000a090 00000000000001ec T fsFsCreateFile
000000000000a280 0000000000000008 T fsFsDeleteFile
000000000000a290 0000000000000008 T fsFsCreateDirectory
000000000000a2a0 0000000000000008 T fsFsDeleteDirectory
000000000000a2b0 0000000000000008 T fsFsRenameFile
000000000000a2c0 0000000000000008 T fsFsRenameDirectory
000000000000a2d0 00000000000001f0 T fsFsGetEntryType
000000000000a4c0 0000000000000008 T fsFsOpenFile
000000000000a4d0 0000000000000008 T fsFsOpenDirectory
000000000000a4e0 0000000000000008 T fsFsGetFreeSpace
000000000000a4f0 0000000000000008 T fsFsGetTotalSpace
000000000000a500 0000000000000230 T fsFsGetFileTimeStampRaw
000000000000a730 0000000000000004 T fsFsClose
000000000000a740 0000000000000214 T fsFileRead
000000000000a960 00000000000001f8 T fsFileWrite
000000000000ab60 0000000000000008 T fsFileFlush
000000000000ab70 00000000000001c0 T fsFileSetSize
000000000000ab70 00000000000001c0 t fsFileSetSize.localalias
000000000000ad30 00000000000001d4 T fsFileGetSize
000000000000ad30 00000000000001d4 t fsFileGetSize.localalias
000000000000af10 0000000000000004 T fsFileClose
000000000000af20 0000000000000004 T fsDirClose
000000000000af30 0000000000000204 T fsDirRead
000000000000b140 00000000000001e8 T fsStorageRead
000000000000b330 0000000000000004 T fsStorageClose
000000000000b340 000000000000012c t _hidCleanup
000000000000b470 00000000000000d4 t _hidCmdInAruidNoOut
000000000000b550 00000000000000e0 t _hidCmdInU32AruidNoOut
000000000000b630 000000000000026c T hidInitialize
000000000000b8a0 0000000000000048 T hidExit
000000000000b8f0 0000000000000084 T hidInitializeNpad
000000000000b980 0000000000000008 T hidSetSupportedNpadStyleSet
000000000000b990 0000000000000100 T hidSetSupportedNpadIdType
000000000000ba90 000000000000000c T nwindowGetDefault
000000000000baa0 00000000000000a4 T __nx_win_init
000000000000bb50 0000000000000034 T __nx_win_exit
000000000000bb90 000000000000008c T framebufferMakeLinear
000000000000bc20 0000000000000084 T framebufferClose
000000000000bcb0 0000000000000290 T framebufferCreate
000000000000bf40 000000000000007c T framebufferBegin
000000000000bfc0 0000000000000190 T framebufferEnd
000000000000c150 0000000000000024 T nwindowIsValid
000000000000c180 000000000000007c T nwindowClose
000000000000c200 00000000000000f8 T nwindowCreate
000000000000c300 0000000000000038 T nwindowCreateFromLayer
000000000000c340 0000000000000084 T nwindowSetDimensions
000000000000c3d0 0000000000000180 T nwindowConfigureBuffer
000000000000c550 00000000000001cc T nwindowDequeueBuffer
000000000000c720 000000000000012c T nwindowQueueBuffer
000000000000c850 00000000000000bc T nwindowReleaseBuffers
000000000000c910 0000000000000004 W __libnx_alloc
000000000000c920 0000000000000014 W __libnx_aligned_alloc
000000000000c940 0000000000000004 W __libnx_free
000000000000c950 0000000000000314 W argvSetup
000000000000cc70 00000000000001fc T __nx_dynamic
000000000000ce70 00000000000000d0 W __libnx_initheap
000000000000cf40 00000000000000ec W __appInit
000000000000d030 0000000000000044 W __appExit
000000000000d080 000000000000002c W __libnx_init
000000000000d0b0 000000000000001c W __libnx_exit
000000000000d0d0 000000000000001c T __syscall_exit
000000000000d0f0 0000000000000034 T __syscall_getreent
000000000000d130 0000000000000004 T __syscall_lock_acquire
000000000000d140 0000000000000004 T __syscall_lock_release
000000000000d150 0000000000000004 T __syscall_lock_acquire_recursive
000000000000d160 0000000000000004 T __syscall_lock_release_recursive
000000000000d170 000000000000001c T __syscall_cond_broadcast
000000000000d190 000000000000003c T __syscall_cond_wait
000000000000d1d0 0000000000000014 T __syscall_thread_self
000000000000d1f0 000000000000002c T __syscall_thread_exit
000000000000d220 0000000000000054 t __thread_entry
000000000000d280 0000000000000154 T __syscall_thread_create
000000000000d3e0 0000000000000058 T __syscall_thread_join
000000000000d440 0000000000000040 T __syscall_tls_create
000000000000d480 0000000000000018 T __syscall_tls_set
000000000000d4a0 0000000000000004 T __syscall_tls_get
000000000000d4b0 0000000000000018 T __syscall_tls_delete
000000000000d4d0 000000000000025c T __libnx_init_time
000000000000d730 0000000000000088 T __syscall_gettod_r
000000000000d7c0 0000000000000098 T newlibSetup
000000000000d860 00000000000000e8 T nxlinkSetup
000000000000d950 0000000000000010 t fsdev_link
000000000000d960 0000000000000010 t fsdev_dirreset
000000000000d970 0000000000000010 t fsdev_chmod
000000000000d980 0000000000000018 t error_cmp
000000000000d9a0 0000000000000020 t fsdev_dirclose
000000000000d9c0 000000000000001c t fsdev_close
000000000000d9e0 0000000000000074 t fsdev_converttimetoutc
000000000000da60 00000000000000d4 t fsdevFindDevice.part.0
000000000000db40 00000000000001cc t fsdev_fixpath
000000000000dd10 000000000000009c t _fsdevUnmountDeviceStruct.part.0
000000000000ddb0 0000000000000010 t fsdev_fchmod
000000000000ddc0 0000000000000100 t fsdev_diropen
000000000000dec0 00000000000000f8 t fsdev_statvfs
000000000000dfc0 000000000000007c t fsdev_fsync
000000000000e040 00000000000000ec t fsdev_fstat
000000000000e130 0000000000000094 t fsdev_ftruncate
000000000000e1d0 00000000000001d8 t fsdev_stat
000000000000e3b0 000000000000014c t fsdev_rename
000000000000e500 000000000000013c t fsdev_chdir
000000000000e640 00000000000000a4 t fsdev_rmdir
000000000000e6f0 00000000000000a4 t fsdev_mkdir
000000000000e7a0 00000000000000a4 t fsdev_unlink
000000000000e850 000000000000013c t fsdev_write_safe
000000000000e990 0000000000000134 t fsdev_read_safe
000000000000ead0 0000000000000100 t fsdev_read
000000000000ebd0 00000000000001d4 t fsdev_dirnext
000000000000edb0 0000000000000124 t fsdev_write
000000000000eee0 0000000000000110 t fsdev_seek
000000000000eff0 0000000000000230 t fsdev_open
000000000000f220 0000000000000324 T fsdevMountDevice
000000000000f550 0000000000000040 T fsdevMountSdmc
000000000000f590 00000000000000bc T __libnx_init_cwd
000000000000f650 0000000000000064 T fsdevUnmountAll
000000000000f6c0 0000000000000084 T fsdevTranslatePath
000000000000f750 0000000000000128 T decode_utf8
000000000000f878 T armDCacheFlush
000000000000f8a8 t armDCacheFlush_L0
000000000000f8c4 W __libnx_exception_entry
000000000000f950 t __libnx_exception_entry_start
000000000000fa78 t __libnx_exception_entry_abort
000000000000fa7c t __libnx_exception_entry_end
000000000000fa84 T __libnx_exception_returnentry
000000000000faa0 0000000000000070 T condvarWaitTimeout
000000000000fb10 0000000000000410 T randomGet
000000000000ff20 0000000000000020 T randomGet64
000000000000ff40 0000000000000014 T shmemLoadRemote
000000000000ff60 0000000000000070 T shmemMap
000000000000ffd0 0000000000000034 T shmemUnmap
0000000000010010 000000000000004c T shmemClose
0000000000010060 00000000000000b0 T __libnx_init_thread
0000000000010110 000000000000034c T threadCreate
0000000000010460 00000000000000a4 T threadExit
0000000000010510 00000000000000ac t _EntryWrap
00000000000105c0 0000000000000008 T threadStart
00000000000105d0 000000000000002c T threadWaitForExit
0000000000010600 00000000000000a4 T threadClose
00000000000106b0 0000000000000010 T threadTlsGet
00000000000106c0 0000000000000010 T threadTlsSet
00000000000106d0 00000000000000d8 T threadTlsAlloc
00000000000107b0 0000000000000044 T threadTlsFree
0000000000010800 0000000000000184 T sessionmgrCreate
0000000000010990 0000000000000084 T sessionmgrClose
0000000000010a20 00000000000000a8 T sessionmgrAttachClient
0000000000010ad0 0000000000000060 T sessionmgrDetachClient
0000000000010b30 00000000000000d0 t _nvCleanup
0000000000010c00 00000000000000d4 t _nvCmdInitialize.constprop.0
0000000000010ce0 0000000000000018 W __nx_nv_create_tmem
0000000000010d00 00000000000003a8 T nvInitialize
00000000000110b0 0000000000000048 T nvExit
0000000000011100 00000000000000f4 T nvConvertError
0000000000011200 0000000000000114 T nvOpen
0000000000011320 0000000000000310 T nvIoctl
0000000000011630 00000000000000d4 T nvClose
0000000000011710 000000000000010c T nvQueryEvent
0000000000011820 00000000000000d0 t _setsysGetFirmwareVersionImpl
00000000000118f0 0000000000000078 t _setsysCleanup
0000000000011970 00000000000000a0 T setsysInitialize
0000000000011a10 0000000000000048 T setsysExit
0000000000011a60 0000000000000048 T setsysGetFirmwareVersion
0000000000011ab0 000000000000027c t _timeCleanup
0000000000011d30 0000000000000100 t _timeCmdGetSession.constprop.0
0000000000011e30 0000000000000104 t _timeReadClockFromSharedMem
0000000000011f40 0000000000000300 T timeInitialize
0000000000012240 0000000000000048 T timeExit
0000000000012290 0000000000000038 T timeGetServiceSession_SystemClock
00000000000122d0 00000000000000fc T timeGetCurrentTime
00000000000123d0 0000000000000108 T timeToCalendarTimeWithMyRule
00000000000124e0 0000000000000114 T timeToPosixTimeWithMyRule
0000000000012600 0000000000000230 t _viCleanup
0000000000012830 0000000000000100 t _viCmdGetSessionNoParams.constprop.0
0000000000012930 0000000000000368 T viInitialize
0000000000012ca0 0000000000000048 T viExit
0000000000012cf0 000000000000000c T viGetSession_IHOSBinderDriverRelay
0000000000012d00 000000000000010c T viOpenDisplay
0000000000012e10 00000000000000ec T viCloseDisplay
0000000000012f00 00000000000000f4 T viCloseLayer
0000000000013000 0000000000000394 T viCreateLayer
00000000000133a0 00000000000000d8 T viSetLayerScalingMode
0000000000013480 0000000000000074 t _nvFenceCleanup
0000000000013500 0000000000000098 T nvFenceInit
00000000000135a0 0000000000000048 T nvFenceExit
00000000000135f0 0000000000000290 T nvFenceWait
0000000000013880 000000000000007c T nvMultiFenceWait
0000000000013900 00000000000000ac T nvMapInit
00000000000139b0 0000000000000074 T nvMapExit
0000000000013a30 000000000000008c T nvMapClose
0000000000013ac0 0000000000000160 T nvMapCreate
0000000000013c20 0000000000000024 T nvioctlNvhostCtrl_EventSignal
0000000000013c50 000000000000003c T nvioctlNvhostCtrl_EventWait
0000000000013c90 0000000000000028 T nvioctlNvhostCtrl_EventWaitAsync
0000000000013cc0 0000000000000024 T nvioctlNvhostCtrl_EventRegister
0000000000013cf0 0000000000000024 T nvioctlNvhostCtrl_EventUnregister
0000000000013d20 000000000000003c T nvioctlNvmap_Create
0000000000013d60 0000000000000030 T nvioctlNvmap_Alloc
0000000000013d90 0000000000000030 T nvioctlNvmap_Free
0000000000013dc0 000000000000003c T nvioctlNvmap_GetId
0000000000013e00 000000000000001c T binderCreate
0000000000013e20 000000000000035c T binderTransactParcel
0000000000014180 00000000000000e8 T binderConvertErrorCode
0000000000014270 0000000000000124 T binderAdjustRefcount
00000000000143a0 000000000000009c T binderInitSession
0000000000014440 000000000000005c T binderClose
00000000000144a0 0000000000000154 T binderGetNativeHandle
0000000000014600 00000000000000c8 T bqRequestBuffer
00000000000146d0 0000000000000128 T bqDequeueBuffer
0000000000014800 00000000000000c8 T bqQueueBuffer
00000000000148d0 0000000000000084 T bqCancelBuffer
0000000000014960 00000000000000d0 T bqConnect
0000000000014a30 0000000000000088 T bqDisconnect
0000000000014ac0 0000000000000194 T bqSetPreallocatedBuffer
0000000000014c60 0000000000000030 T parcelCreate
0000000000014c90 0000000000000174 T parcelTransact
0000000000014e10 0000000000000080 T parcelWriteData
0000000000014e90 0000000000000088 T parcelReadData
0000000000014f20 0000000000000020 T parcelWriteInt32
0000000000014f40 0000000000000020 T parcelWriteUInt32
0000000000014f60 000000000000007c T parcelWriteString16
0000000000014fe0 0000000000000030 T parcelWriteInterfaceToken
0000000000015010 0000000000000024 T parcelReadInt32
0000000000015040 0000000000000068 T parcelReadFlattenedObject
00000000000150b0 0000000000000044 T parcelWriteFlattenedObject
0000000000015100 0000000000000004 T operator delete(void*, unsigned long)
0000000000015120 0000000000000018 T __cxxabiv1::__terminate(void (*)())
0000000000015140 0000000000000010 T std::get_terminate()
0000000000015160 0000000000000010 T __cxxabiv1::__unexpected(void (*)())
0000000000015180 0000000000000010 T std::get_unexpected()
00000000000151a0 0000000000000068 T operator new(unsigned long)
0000000000015220 0000000000000004 W std::_Sp_counted_ptr<decltype(nullptr), (__gnu_cxx::_Lock_policy)2>::_M_dispose()
0000000000015240 0000000000000010 W std::_Sp_counted_base<(__gnu_cxx::_Lock_policy)2>::_M_destroy()
0000000000015260 0000000000000058 t execute_native_thread_routine
00000000000152c0 0000000000000004 T std::thread::_State::~_State()
00000000000152c0 0000000000000004 T std::thread::_State::~_State()
00000000000152e0 000000000000003c T std::thread::join()
0000000000015320 000000000000003c T std::thread::_M_start_thread(std::unique_ptr<std::thread::_State, std::default_delete<std::thread::_State> >, void (*)())
0000000000015360 00000000000000cc W std::_Sp_counted_base<(__gnu_cxx::_Lock_policy)2>::_M_release_last_use_cold()
0000000000015440 00000000000000d0 W std::_Sp_counted_base<(__gnu_cxx::_Lock_policy)2>::_M_release()
0000000000015520 000000000000000c T std::bad_alloc::what() const
0000000000015540 0000000000000014 T std::bad_alloc::~bad_alloc()
0000000000015540 0000000000000014 T std::bad_alloc::~bad_alloc()
0000000000015560 0000000000000020 T std::bad_alloc::~bad_alloc()
0000000000015580 0000000000000068 T __cxxabiv1::__class_type_info::__do_upcast(__cxxabiv1::__class_type_info const*, void**) const
0000000000015600 0000000000000010 T __cxxabiv1::__class_type_info::__do_find_public_src(long, void const*, __cxxabiv1::__class_type_info const*, void const*) const
0000000000015620 0000000000000014 T __cxxabiv1::__class_type_info::~__class_type_info()
0000000000015620 0000000000000014 T __cxxabiv1::__class_type_info::~__class_type_info()
0000000000015640 0000000000000020 T __cxxabiv1::__class_type_info::~__class_type_info()
0000000000015660 0000000000000090 T __cxxabiv1::__class_type_info::__do_upcast(__cxxabiv1::__class_type_info const*, void const*, __cxxabiv1::__class_type_info::__upcast_result&) const
0000000000015700 00000000000000a8 T __cxxabiv1::__class_type_info::__do_catch(std::type_info const*, void**, unsigned int) const
00000000000157c0 00000000000000ec T __cxxabiv1::__class_type_info::__do_dyncast(long, __cxxabiv1::__class_type_info::__sub_kind, __cxxabiv1::__class_type_info const*, void const*, __cxxabiv1::__class_type_info const*, void const*, __cxxabiv1::__class_type_info::__dyncast_result&) const
00000000000158c0 0000000000000004 T operator delete(void*)
00000000000158e0 000000000000000c W __gnu_cxx::__concurrence_lock_error::what() const
0000000000015900 000000000000000c W __gnu_cxx::__concurrence_unlock_error::what() const
0000000000015920 0000000000000014 W __gnu_cxx::__concurrence_lock_error::~__concurrence_lock_error()
0000000000015920 0000000000000014 W __gnu_cxx::__concurrence_lock_error::~__concurrence_lock_error()
0000000000015940 0000000000000038 W __gnu_cxx::__concurrence_lock_error::~__concurrence_lock_error()
0000000000015980 0000000000000014 W __gnu_cxx::__concurrence_unlock_error::~__concurrence_unlock_error()
0000000000015980 0000000000000014 W __gnu_cxx::__concurrence_unlock_error::~__concurrence_unlock_error()
00000000000159a0 0000000000000038 W __gnu_cxx::__concurrence_unlock_error::~__concurrence_unlock_error()
00000000000159e0 0000000000000110 t (anonymous namespace)::pool::free(void*) [clone .constprop.0]
0000000000015b00 00000000000000cc t (anonymous namespace)::pool::allocate(unsigned long) [clone .constprop.0]
0000000000015be0 0000000000000058 T __cxa_allocate_exception
0000000000015c40 0000000000000028 T __cxa_free_exception
0000000000015c80 000000000000009c T __cxa_begin_catch
0000000000015d20 0000000000000004 T std::exception::~exception()
0000000000015d20 0000000000000004 T std::exception::~exception()
0000000000015d40 0000000000000044 t eh_globals_dtor(void*)
0000000000015da0 0000000000000080 T __cxa_get_globals
0000000000015e20 000000000000007c t get_adjusted_ptr(std::type_info const*, std::type_info const*, void**)
0000000000015ea0 0000000000000138 t read_encoded_value_with_base(unsigned char, unsigned long, unsigned char const*, unsigned long*)
0000000000015fe0 0000000000000064 t base_of_encoded_value(unsigned char, _Unwind_Context*)
0000000000016060 0000000000000108 t check_exception_spec(lsda_header_info*, std::type_info const*, void*, long)
0000000000016180 00000000000000f8 t parse_lsda_header(_Unwind_Context*, unsigned char const*, lsda_header_info*)
0000000000016280 0000000000000630 T __gxx_personality_v0
00000000000168c0 0000000000000058 t __gxx_exception_cleanup(_Unwind_Reason_Code, _Unwind_Exception*)
0000000000016920 0000000000000054 T __cxa_init_primary_exception
0000000000016980 000000000000005c T __cxa_throw
00000000000169e0 0000000000000010 T std::get_new_handler()
0000000000016a00 0000000000000014 T __cxxabiv1::__si_class_type_info::~__si_class_type_info()
0000000000016a00 0000000000000014 T __cxxabiv1::__si_class_type_info::~__si_class_type_info()
0000000000016a20 0000000000000020 T __cxxabiv1::__si_class_type_info::~__si_class_type_info()
0000000000016a40 0000000000000194 T __cxxabiv1::__si_class_type_info::__do_dyncast(long, __cxxabiv1::__class_type_info::__sub_kind, __cxxabiv1::__class_type_info const*, void const*, __cxxabiv1::__class_type_info const*, void const*, __cxxabiv1::__class_type_info::__dyncast_result&) const
0000000000016be0 00000000000000a8 T __cxxabiv1::__si_class_type_info::__do_find_public_src(long, void const*, __cxxabiv1::__class_type_info const*, void const*) const
0000000000016ca0 0000000000000064 T __cxxabiv1::__si_class_type_info::__do_upcast(__cxxabiv1::__class_type_info const*, void const*, __cxxabiv1::__class_type_info::__upcast_result&) const
0000000000016d20 0000000000000004 T std::type_info::~type_info()
0000000000016d20 0000000000000004 T std::type_info::~type_info()
0000000000016d40 0000000000000008 T std::type_info::__is_pointer_p() const
0000000000016d40 0000000000000008 T std::type_info::__is_function_p() const
0000000000016d60 000000000000000c t (anonymous namespace)::generic_error_category::name() const
0000000000016d80 0000000000000024 t (anonymous namespace)::generic_error_category::equivalent(int, std::error_condition const&) const
0000000000016dc0 0000000000000010 T std::_V2::error_category::default_error_condition(int) const
0000000000016de0 0000000000000024 T std::_V2::error_category::equivalent(std::error_code const&, int) const
0000000000016e20 0000000000000108 t (anonymous namespace)::system_error_category::message[abi:cxx11](int) const
0000000000016e20 0000000000000108 t (anonymous namespace)::generic_error_category::message[abi:cxx11](int) const
0000000000016f40 0000000000000014 T std::system_error::~system_error()
0000000000016f40 0000000000000014 T std::system_error::~system_error()
0000000000016f60 000000000000001c T std::system_error::~system_error()
0000000000016f80 0000000000000064 T std::_V2::error_category::_M_message[abi:cxx11](int) const
0000000000017000 0000000000000004 T std::_V2::error_category::~error_category()
0000000000017000 0000000000000004 T std::_V2::error_category::~error_category()
0000000000017020 0000000000000010 t (anonymous namespace)::generic_error_category::~generic_error_category()
0000000000017020 0000000000000010 t (anonymous namespace)::generic_error_category::~generic_error_category()
0000000000017040 0000000000000030 t (anonymous namespace)::generic_error_category::~generic_error_category()
0000000000017080 0000000000000024 W std::__cxx11::basic_string<char, std::char_traits<char>, std::allocator<char> >::_M_dispose()
00000000000170c0 000000000000010c W std::__cxx11::basic_string<char, std::char_traits<char>, std::allocator<char> >::reserve(unsigned long)
00000000000171e0 0000000000000008 T std::logic_error::what() const
00000000000171e0 0000000000000008 T std::runtime_error::what() const
0000000000017200 0000000000000074 T std::logic_error::~logic_error()
0000000000017200 0000000000000074 T std::logic_error::~logic_error()
0000000000017280 000000000000001c T std::logic_error::~logic_error()
00000000000172a0 0000000000000014 T std::length_error::~length_error()
00000000000172a0 0000000000000014 T std::length_error::~length_error()
00000000000172c0 000000000000001c T std::length_error::~length_error()
00000000000172e0 0000000000000074 T std::runtime_error::~runtime_error()
00000000000172e0 0000000000000074 T std::runtime_error::~runtime_error()
0000000000017360 000000000000001c T std::runtime_error::~runtime_error()
0000000000017380 00000000000000f8 T std::logic_error::logic_error(char const*)
0000000000017380 00000000000000f8 T std::logic_error::logic_error(char const*)
0000000000017480 0000000000000030 T std::length_error::length_error(char const*)
0000000000017480 0000000000000030 T std::length_error::length_error(char const*)
00000000000174c0 00000000000000cc T std::__cow_string::__cow_string(char const*, unsigned long)
00000000000174c0 00000000000000cc T std::__cow_string::__cow_string(char const*, unsigned long)
00000000000175a0 0000000000000080 W std::string::_Rep::_S_create(unsigned long, unsigned long, std::allocator<char> const&)
0000000000017620 0000000000000004 W std::string::_Rep::_M_destroy(std::allocator<char> const&)
0000000000017640 0000000000000008 T std::__cow_string::__cow_string(std::__cxx11::basic_string<char, std::char_traits<char>, std::allocator<char> > const&)
0000000000017640 0000000000000008 T std::__cow_string::__cow_string(std::__cxx11::basic_string<char, std::char_traits<char>, std::allocator<char> > const&)
0000000000017660 0000000000000044 T std::runtime_error::runtime_error(std::__cxx11::basic_string<char, std::char_traits<char>, std::allocator<char> > const&)
0000000000017660 0000000000000044 T std::runtime_error::runtime_error(std::__cxx11::basic_string<char, std::char_traits<char>, std::allocator<char> > const&)
00000000000176c0 0000000000000298 t init_dwarf_reg_size_table
0000000000017960 000000000000018c t uw_install_context_1
0000000000017b00 000000000000018c t read_encoded_value
0000000000017ca0 00000000000007f8 t execute_stack_op
00000000000184a0 0000000000000334 t uw_update_context_1
00000000000187e0 00000000000000f8 t uw_update_context
00000000000188e0 0000000000000868 t execute_cfa_program_specialized
0000000000019160 0000000000000898 t execute_cfa_program_generic
0000000000019a00 000000000000043c t uw_frame_state_for
0000000000019e40 000000000000036c t uw_init_context_1
000000000001a1c0 0000000000000140 t _Unwind_RaiseException_Phase2
000000000001a300 0000000000000154 t _Unwind_ForcedUnwind_Phase2
000000000001a460 0000000000000050 t _Unwind_SetGR
000000000001a4c0 0000000000000014 t _Unwind_GetIPInfo
000000000001a4e0 0000000000000008 t _Unwind_SetIP
000000000001a500 0000000000000008 t _Unwind_GetLanguageSpecificData
000000000001a520 0000000000000008 t _Unwind_GetRegionStart
000000000001a540 0000000000000008 t _Unwind_GetDataRelBase
000000000001a560 0000000000000008 t _Unwind_GetTextRelBase
000000000001a580 0000000000000004 t _Unwind_DebugHook
000000000001a5a0 00000000000001a4 t _Unwind_RaiseException
000000000001a760 000000000000012c t _Unwind_Resume
000000000001a8a0 000000000000001c t _Unwind_DeleteException
000000000001a8c0 0000000000000018 t fde_unencoded_compare
000000000001a8e0 000000000000002c t fde_unencoded_extract
000000000001a920 00000000000000ec t frame_downheap
000000000001aa20 0000000000000138 t read_encoded_value_with_base
000000000001ab60 0000000000000220 t fde_radixsort
000000000001ad80 0000000000000110 t __deregister_frame_info_bases.part.0
000000000001aea0 0000000000000124 t get_cie_encoding
000000000001afe0 00000000000000d8 t fde_mixed_encoding_extract
000000000001b0c0 00000000000001e0 t classify_object_over_fdes.constprop.0
000000000001b2a0 00000000000000bc t fde_single_encoding_extract
000000000001b360 00000000000000a8 t fde_single_encoding_compare
000000000001b420 000000000000010c t fde_mixed_encoding_compare
000000000001b540 0000000000000234 t add_fdes.isra.0
000000000001b780 00000000000002e8 t linear_search_fdes
000000000001ba80 0000000000000558 t search_object
000000000001bfe0 0000000000000060 t __register_frame_info
000000000001c040 0000000000000018 t __deregister_frame_info
000000000001c060 00000000000001d0 t _Unwind_Find_FDE
000000000001c230 0000000000000030 T __arm_za_disable
000000000001c230 0000000000000030 t __libgcc_arm_za_disable
000000000001c260 0000000000000070 t __sfp_handle_exceptions
000000000001c2d0 00000000000000a0 T __arm_tpidr2_save
000000000001c2d0 00000000000000a0 t __libgcc_arm_tpidr2_save
000000000001c380 0000000000000024 T getenv
000000000001c3c0 0000000000000184 T _fgets_r
000000000001c560 0000000000000034 T fgets
000000000001c5a0 0000000000000130 T _fclose_r
000000000001c6e0 000000000000001c T fclose
000000000001c700 0000000000000104 T memset
000000000001c820 0000000000000034 T setenv
000000000001c860 000000000000002c T __locale_mb_cur_max
000000000001c8c0 0000000000000134 T strcmp
000000000001ca00 00000000000001b4 T strncmp
000000000001cbc0 00000000000000dc T memchr
000000000001cca0 000000000000001c t stdio_exit_handler
000000000001ccc0 000000000000006c t cleanup_stdio
000000000001cd40 0000000000000134 t global_stdio_init.part.0
000000000001ce80 000000000000000c T __sfp_lock_acquire
000000000001cea0 000000000000000c T __sfp_lock_release
000000000001cec0 0000000000000138 T __sfp
000000000001d000 0000000000000054 T __sinit
000000000001d060 00000000000001a4 t _strtoul_l.isra.0
000000000001d220 0000000000000040 T strtoul
000000000001d260 00000000000002dc T __utf8_mbtowc
000000000001d540 00000000000000a4 T __libc_init_array
000000000001d600 0000000000000088 T strncat
000000000001d6a0 0000000000000098 T _fwalk_sglue
000000000001d740 00000000000000b4 T bsearch
000000000001d800 0000000000000014 T __errno
000000000001d840 00000000000000cc T strchr
000000000001d920 000000000000002c T aligned_alloc
000000000001d960 0000000000000018 T abort
000000000001d980 000000000000022c T memcpy
000000000001d980 T memmove
000000000001dbc0 0000000000000004 T _fseek_r
000000000001dbe0 0000000000000034 T fseek
000000000001dc20 000000000000002c T memalign
000000000001dc60 0000000000000840 T _malloc_r
000000000001e4a0 00000000000000d0 T _wcrtomb_r
000000000001e580 000000000000011c T _malloc_trim_r
000000000001e6a0 00000000000002d8 T _free_r
000000000001e980 00000000000000f8 T snprintf
000000000001ea78 0000000000000790 t get_arg
000000000001f208 0000000000003a84 T _svfprintf_r
0000000000022ca0 0000000000000080 T printf
0000000000022d40 000000000000012c T strcpy
0000000000022e80 0000000000000034 T _rewind_r
0000000000022ec0 000000000000001c T rewind
0000000000022ee0 0000000000000038 T malloc
0000000000022f20 000000000000001c T free
0000000000022f40 00000000000000b0 T __xpg_strerror_r
0000000000023000 00000000000001ec T __sflush_r
0000000000023200 00000000000000bc T _fflush_r
00000000000232c0 0000000000000048 T time
0000000000023320 0000000000000038 t lflush
0000000000023360 0000000000000190 T __srefill_r
0000000000023500 00000000000000b0 T __swhatbuf_r
00000000000235c0 00000000000000e8 T __smakebuf_r
00000000000236c0 0000000000000028 T gmtime
0000000000023700 0000000000000130 T strlen
0000000000023840 00000000000000f4 T _findenv_r
0000000000023940 0000000000000330 T _fread_r
0000000000023c80 0000000000000034 T fread
0000000000023cc0 00000000000000b8 T strnlen
0000000000023d80 000000000000000c T __malloc_lock
0000000000023da0 000000000000000c T __malloc_unlock
0000000000023dc0 0000000000000258 T _setenv_r
0000000000024040 00000000000001c8 T memcmp
0000000000024220 0000000000000278 T setvbuf
00000000000244a0 0000000000000120 T _fopen_r
00000000000245c0 000000000000002c T fopen
0000000000024600 00000000000000e0 T __utf8_wctomb
00000000000246e0 00000000000000ac T strncpy
00000000000247a0 0000000000000004 T _ftell_r
00000000000247c0 000000000000001c T ftell
00000000000247e0 0000000000000010 T _wcsrtombs_r
0000000000024800 000000000000007c T frexp
0000000000024880 000000000000004c T __sread
00000000000248e0 0000000000000070 T __swrite
0000000000024960 0000000000000050 T __sseek
00000000000249c0 0000000000000008 T __sclose
00000000000249e0 000000000000009c T _raise_r
0000000000024a80 000000000000001c T raise
0000000000024aa0 000000000000000c T __env_lock
0000000000024ac0 000000000000000c T __env_unlock
0000000000024ae0 0000000000000064 T __assert_func
0000000000024b60 0000000000000418 T _strerror_r
0000000000024f80 00000000000000a4 T _Balloc
0000000000025040 0000000000000020 T _Bfree
0000000000025060 0000000000000118 T __multadd
0000000000025180 0000000000000094 T __hi0bits
0000000000025220 0000000000000100 T __lo0bits
0000000000025320 000000000000004c T __i2b
0000000000025380 0000000000000210 T __multiply
00000000000255a0 0000000000000104 T __pow5mult
00000000000256c0 0000000000000174 T __lshift
0000000000025840 0000000000000050 T __mcmp
00000000000258a0 00000000000001c4 T __mdiff
0000000000025a80 000000000000014c T __d2b
0000000000025be0 0000000000000008 T _user_strerror
0000000000025c00 00000000000000c8 T __ssprint_r
0000000000025ce0 00000000000002a0 T gmtime_r
0000000000025f80 0000000000000080 T fiprintf
0000000000026000 000000000000018c T _memalign_r
00000000000261a0 0000000000000188 T _wcsnrtombs_l
0000000000026340 0000000000000054 T _wcsnrtombs_r
00000000000263a0 00000000000004c0 T _fseeko_r
0000000000026860 0000000000000008 T __localeconv_l
0000000000026880 0000000000000028 T _localeconv_r
00000000000268a8 0000000000000790 t get_arg
0000000000027038 0000000000003bd4 T _vfprintf_r
000000000002ac0c 00000000000000d0 t __sbprintf
000000000002ace0 00000000000000bc T _calloc_r
000000000002ada0 00000000000001a4 t quorem
000000000002af60 0000000000001320 T _dtoa_r
000000000002c280 00000000000000b8 T __sflags
000000000002c340 0000000000000568 T _realloc_r
000000000002c8c0 0000000000000188 T __ssputs_r
000000000002ca60 0000000000000168 T _ftello_r
000000000002cbe0 000000000000012c T __swsetup_r
000000000002cd0c 0000000000000790 t get_arg
000000000002d49c 0000000000002964 T _vfiprintf_r
000000000002fe00 00000000000000d0 t __sbprintf
000000000002fee0 0000000000000038 T __sprint_r
000000000002ff20 0000000000000148 T __call_exitprocs
0000000000030080 00000000000004a4 T __sfvwrite_r
0000000000030540 0000000000000020 T _exit
0000000000030560 000000000000016c T chdir
00000000000306e0 0000000000000218 T _concatenate_path
0000000000030900 000000000000009c T _fstat_r
00000000000309a0 0000000000000010 T _getpid_r
00000000000309c0 0000000000000020 T __getreent
00000000000309e0 0000000000000024 T _gettimeofday_r
0000000000030a20 00000000000000a0 T __release_handle
0000000000030ac0 0000000000000130 T __alloc_handle
0000000000030c00 0000000000000060 T __get_handle
0000000000030c60 00000000000000f4 T _close_r
0000000000030d60 0000000000000008 t null_write
0000000000030d80 0000000000000018 T setDefaultDevice
0000000000030da0 0000000000000110 T FindDevice
0000000000030ec0 0000000000000034 T RemoveDevice
0000000000030f00 00000000000000c4 T AddDevice
0000000000030fe0 0000000000000034 T GetDeviceOpTab
0000000000031020 0000000000000008 T _isatty_r
0000000000031040 0000000000000010 T _kill_r
0000000000031060 00000000000000a0 T _lseek_r
0000000000031100 000000000000006c T pthread_mutex_lock
0000000000031180 000000000000006c T pthread_mutex_unlock
0000000000031200 000000000000001c T pthread_attr_init
0000000000031220 000000000000007c T pthread_create
00000000000312a0 000000000000003c T pthread_join
00000000000312e0 00000000000000d4 T pthread_once
00000000000313c0 0000000000000024 T pthread_key_create
0000000000031400 0000000000000018 T pthread_setspecific
0000000000031420 0000000000000018 T pthread_getspecific
0000000000031440 0000000000000018 T pthread_key_delete
0000000000031460 00000000000000f0 T _open_r
0000000000031560 00000000000000b0 T _read_r
0000000000031620 0000000000000078 W _sbrk_r
00000000000316a0 0000000000000014 T __libc_lock_acquire
00000000000316c0 0000000000000014 T __libc_lock_release
00000000000316e0 0000000000000014 T __libc_lock_acquire_recursive
0000000000031700 0000000000000014 T __libc_lock_release_recursive
0000000000031720 0000000000000018 T __libc_cond_broadcast
0000000000031740 0000000000000018 T __libc_cond_wait
0000000000031760 00000000000000b0 T _write_r
0000000000031820 0000000000000380 t __trunctfdf2
0000000000031bc0 0000000000000104 T strrchr
0000000000031cc8 T _init
0000000000031d00 T _fini
0000000000032c40 0000000000000014 r CSWTCH.1000
0000000000032dd0 0000000000000018 r grayScale
0000000000032de8 0000000000000006 r colorCube
0000000000032df0 0000000000000030 r colorTable
0000000000032e20 R default_font_bin
0000000000034e20 R default_font_bin_end
0000000000034e20 0000000000000038 r g_nvColorFmtTable
0000000000034e58 0000000000000024 r s_emptyFence.0
0000000000034e80 0000000000000020 r error_table
0000000000034f40 0000000000000023 r g_bq_InterfaceDescriptor
0000000000034f68 000000000000000d V typeinfo name for std::bad_alloc
0000000000034f78 0000000000000022 V typeinfo name for __cxxabiv1::__class_type_info
0000000000034fa0 0000000000000027 V typeinfo name for __gnu_cxx::__concurrence_lock_error
0000000000034fc8 0000000000000029 V typeinfo name for __gnu_cxx::__concurrence_unlock_error
0000000000034ff8 000000000000000d V typeinfo name for std::exception
0000000000035008 0000000000000020 V typeinfo name for __cxxabiv1::__forced_unwind
0000000000035028 0000000000000024 V typeinfo name for __cxxabiv1::__foreign_exception
0000000000035050 0000000000000025 V typeinfo name for __cxxabiv1::__si_class_type_info
0000000000035078 000000000000000d V typeinfo name for std::type_info
0000000000035088 0000000000000019 V typeinfo name for std::_V2::error_category
00000000000350a8 0000000000000011 V typeinfo name for std::system_error
00000000000350c0 000000000000002a r typeinfo name for (anonymous namespace)::generic_error_category
00000000000350f0 0000000000000010 V typeinfo name for std::logic_error
0000000000035100 0000000000000011 V typeinfo name for std::length_error
0000000000035118 0000000000000012 V typeinfo name for std::runtime_error
0000000000035248 0000000000000008 r terminator.0
0000000000035250 0000000000000001 R __aarch64_have_sme
0000000000035390 0000000000000010 r zeroes.0
00000000000353a0 0000000000000010 r blanks.1
00000000000353b0 0000000000000101 R _ctype_
00000000000354b8 000000000000006c R __action_table
0000000000035528 000000000000006c R __state_table
0000000000035598 0000000000000100 R __chclass
00000000000357b8 000000000000000c r p05.0
00000000000357c8 0000000000000028 R __mprec_bigtens
00000000000357f0 00000000000000c8 R __mprec_tens
00000000000359b0 0000000000000010 r zeroes.0
00000000000359c0 0000000000000010 r blanks.1
0000000000035ae0 0000000000000010 r zeroes.0
0000000000035af0 0000000000000010 r blanks.1
0000000000035b00 r __tls_align
0000000000035bba r __eh_frame_hdr_end
0000000000035bba r __eh_frame_hdr_start
0000000000035bc0 r __EH_FRAME_BEGIN__
000000000003d0c4 r __FRAME_END__
000000000003e000 d __frame_dummy_init_array_entry
000000000003e000 d __init_array_start
000000000003e000 d __preinit_array_end
000000000003e000 d __preinit_array_start
000000000003e000 d __relro_start
000000000003e038 d __fini_array_start
000000000003e038 d __init_array_end
000000000003e040 d __do_global_dtors_aux_fini_array_entry
000000000003e050 d __fini_array_end
000000000003e050 0000000000000028 V vtable for std::thread::_State_impl<std::thread::_Invoker<std::tuple<void (*)()> > >
000000000003e078 0000000000000100 d dotab_stdout
000000000003e178 0000000000000100 d romFS_devoptab
000000000003e278 0000000000000100 d fsdev_devoptab
000000000003e378 0000000000000100 D dotab_stdnull
000000000003e478 0000000000000018 V typeinfo for std::bad_alloc
000000000003e490 0000000000000028 V vtable for std::bad_alloc
000000000003e4b8 0000000000000018 V typeinfo for __cxxabiv1::__class_type_info
000000000003e4d0 0000000000000058 V vtable for __cxxabiv1::__class_type_info
000000000003e528 0000000000000018 V typeinfo for __gnu_cxx::__concurrence_lock_error
000000000003e540 0000000000000018 V typeinfo for __gnu_cxx::__concurrence_unlock_error
000000000003e558 0000000000000028 V vtable for __gnu_cxx::__concurrence_lock_error
000000000003e580 0000000000000028 V vtable for __gnu_cxx::__concurrence_unlock_error
000000000003e5a8 0000000000000010 V typeinfo for std::exception
000000000003e5b8 0000000000000010 V typeinfo for __cxxabiv1::__forced_unwind
000000000003e5c8 0000000000000010 V typeinfo for __cxxabiv1::__foreign_exception
000000000003e5d8 0000000000000018 V typeinfo for __cxxabiv1::__si_class_type_info
000000000003e5f0 0000000000000058 V vtable for __cxxabiv1::__si_class_type_info
000000000003e648 0000000000000010 V typeinfo for std::type_info
000000000003e658 0000000000000010 V typeinfo for std::_V2::error_category
000000000003e668 0000000000000018 V typeinfo for std::system_error
000000000003e680 0000000000000018 d typeinfo for (anonymous namespace)::generic_error_category
000000000003e698 0000000000000050 d vtable for (anonymous namespace)::generic_error_category
000000000003e6e8 0000000000000028 V vtable for std::system_error
000000000003e710 0000000000000018 V typeinfo for std::logic_error
000000000003e728 0000000000000018 V typeinfo for std::length_error
000000000003e740 0000000000000018 V typeinfo for std::runtime_error
000000000003e758 0000000000000028 V vtable for std::logic_error
000000000003e780 0000000000000028 V vtable for std::length_error
000000000003e7a8 0000000000000028 V vtable for std::runtime_error
000000000003e7d0 a _DYNAMIC
000000000003e920 d __got_start__
000000000003e920 a _GLOBAL_OFFSET_TABLE_
000000000003ee28 d __got_end__
000000000003f000 d __data_start
000000000003f000 0000000000000008 V __nx_applet_init_timeout
000000000003f008 0000000000000001 V __nx_applet_auto_notifyrunning
000000000003f00c 0000000000000004 V __nx_applet_type
000000000003f010 0000000000000004 d g_deviceState
000000000003f018 0000000000000008 d currentConsole
000000000003f020 0000000000000050 d defaultConsole
000000000003f070 0000000000000088 d s_consoleSwRenderer
000000000003f0f8 0000000000000004 V __nx_fs_num_sessions
000000000003f100 0000000000000008 V __nx_exception_stack_size
000000000003f108 0000000000000001 V __nx_fsdev_support_cwd
000000000003f10c 0000000000000004 V __nx_fsdev_direntry_cache_size
000000000003f110 0000000000000004 V __nx_nv_transfermem_size
000000000003f114 0000000000000004 V __nx_nv_service_type
000000000003f118 0000000000000004 d g_viServiceType
000000000003f11c 0000000000000004 V __nx_vi_stray_layer_flags
000000000003f120 0000000000000004 d g_ctrl_fd
000000000003f124 0000000000000004 d g_nvmap_fd
000000000003f128 0000000000000008 V DW.ref.__gxx_personality_v0
000000000003f130 0000000000000008 D __cxxabiv1::__unexpected_handler
000000000003f138 0000000000000008 D __cxxabiv1::__terminate_handler
000000000003f140 0000000000000008 d (anonymous namespace)::generic_category_instance
000000000003f148 00000000000001a8 D __global_locale
000000000003f2f0 0000000000000018 D __sglue
000000000003f308 0000000000000008 D __malloc_sbrk_base
000000000003f310 0000000000000008 D __malloc_trim_threshold
000000000003f318 0000000000000810 D __malloc_av_
000000000003fb28 0000000000000008 D _impure_ptr
000000000003fb30 0000000000000180 D _impure_data
000000000003fcb0 0000000000000008 D environ
000000000003fcc0 0000000000000400 d _current_working_directory
00000000000400c0 0000000000002000 d handles
00000000000420c0 0000000000000010 d __stderr_handle
00000000000420d0 0000000000000010 d __stdout_handle
00000000000420e0 0000000000000010 d __stdin_handle
00000000000420f0 0000000000000118 D devoptab_list
0000000000042208 0000000000000004 d defaultDevice
0000000000042210 b __bss_start__
0000000000042210 d __tdata_lma
0000000000042210 d __tdata_lma_end
0000000000042210 b completed.1
0000000000042218 b object.0
0000000000042248 0000000000000008 b g_appletGuard
0000000000042250 0000000000000001 b g_appletInfoInitialized
0000000000042258 0000000000000050 b g_appletInfo
00000000000422a8 0000000000000004 b g_appletCpuBoostMode
00000000000422b0 000000000000000c b g_appletLibraryAppletLaunchableEvent
00000000000422bc 0000000000000001 b g_appletSuspendedTickInitialized
00000000000422c0 0000000000000008 b g_appletSuspendedTick
00000000000422c8 0000000000000008 b g_appletInitTickBase
00000000000422d0 000000000000000c b g_appletSuspendedTickEvent
00000000000422dc 0000000000000001 b g_appletCopyrightInitialized
00000000000422e0 0000000000000028 b g_appletCopyrightTmem
0000000000042308 0000000000000004 b g_appletRecordingInitialized
0000000000042310 0000000000000028 b g_appletRecordingTmem
0000000000042338 0000000000000018 b g_appletFirstHook
0000000000042350 0000000000000001 b g_appletNotifiedRunning
0000000000042351 0000000000000001 b g_appletFocusState
0000000000042354 0000000000000004 b g_appletPerformanceMode
0000000000042358 0000000000000001 b g_appletOperationMode
0000000000042360 0000000000000008 b g_appletResourceUserId
0000000000042368 000000000000000c b g_appletMessageEvent
0000000000042378 0000000000000010 b g_appletIDebugFunctions
0000000000042388 0000000000000010 b g_appletIDisplayController
0000000000042398 0000000000000010 b g_appletIAudioController
00000000000423a8 0000000000000010 b g_appletIWindowController
00000000000423b8 0000000000000010 b g_appletISelfController
00000000000423c8 0000000000000010 b g_appletICommonStateGetter
00000000000423d8 0000000000000010 b g_appletILibraryAppletCreator
00000000000423e8 0000000000000010 b g_appletIProcessWindingController
00000000000423f8 0000000000000010 b g_appletILibraryAppletSelfAccessor
0000000000042408 0000000000000010 b g_appletIApplicationCreator
0000000000042418 0000000000000010 b g_appletIGlobalStateController
0000000000042428 0000000000000010 b g_appletIFunctions
0000000000042438 0000000000000010 b g_appletIAppletCommonFunctions
0000000000042448 0000000000000004 b g_appletExitProcessResult
000000000004244c 0000000000000001 b g_appletExitProcessFlag
000000000004244d 0000000000000001 b g_appletLeftInitialized
0000000000042450 0000000000000010 b g_appletProxySession
0000000000042460 0000000000000010 b g_appletSrv
0000000000042470 0000000000000004 V __nx_applet_exit_mode
0000000000042478 0000000000000008 V __nx_applet_PerformanceConfiguration
0000000000042480 0000000000000080 V __nx_applet_AppletAttribute
0000000000042500 0000000000000008 b g_audoutGuard
0000000000042508 0000000000000004 b g_pcmFormat
000000000004250c 0000000000000004 b g_channelCount
0000000000042510 0000000000000004 b g_sampleRate
0000000000042518 000000000000000c b g_audoutBufferEvent
0000000000042528 0000000000000010 b g_audoutIAudioOut
0000000000042538 0000000000000010 b g_audoutSrv
0000000000042548 0000000000000008 b g_smGuard
0000000000042550 0000000000000008 b g_smOverridesNum
0000000000042558 0000000000000180 b g_smOverrides
00000000000426d8 0000000000000010 b g_smSrv
00000000000426e8 0000000000000008 b g_userIdStorage
00000000000426f0 0000000000000010 b g_randomSeed
0000000000042700 0000000000000001 b g_hasRandomSeed
0000000000042704 0000000000000004 b g_lastLoadResult
0000000000042708 0000000000000008 b g_nextLoadArgv
0000000000042710 0000000000000008 b g_nextLoadPath
0000000000042718 0000000000000004 b g_processHandle
0000000000042720 0000000000000018 b g_syscallHints
0000000000042738 0000000000000008 b g_overrideArgv
0000000000042740 0000000000000008 b g_overrideHeapSize
0000000000042748 0000000000000008 b g_overrideHeapAddr
0000000000042750 0000000000000008 b g_loaderRetAddr
0000000000042758 0000000000000004 b g_mainThreadHandle
0000000000042760 0000000000000008 b g_loaderInfoSize
0000000000042768 0000000000000008 b g_loaderInfo
0000000000042770 0000000000000001 b g_isNso
0000000000042774 0000000000000004 b g_hosVersion
0000000000042778 0000000000000001 b didFirstConsoleInit.0
0000000000042780 0000000000000068 b escapeSeq
00000000000427e8 0000000000000050 b currentCopy
0000000000042838 0000000000000008 V __romfs_path
0000000000042840 0000000000003b00 b romfs_mounts
0000000000046340 0000000000000001 b romfs_initialised
0000000000046348 B __stack_top
0000000000046350 0000000000000001 b g_IsLegacyKernel
0000000000046358 0000000000000008 b g_Reservations
0000000000046360 0000000000000010 b g_StackRegion
0000000000046370 0000000000000010 b g_AslrRegion
0000000000046380 0000000000000010 b g_HeapRegion
0000000000046390 0000000000000010 b g_AliasRegion
00000000000463a0 0000000000000004 b g_VirtmemMutex
00000000000463a8 0000000000000008 b g_apmGuard
00000000000463b0 0000000000000010 b g_apmISession
00000000000463c0 0000000000000010 b g_apmSrv
00000000000463d0 0000000000000008 b g_fsGuard
00000000000463e0 0000000000000054 b g_fsSessionMgr
0000000000046438 0000000000000010 b g_fsSrv
0000000000046448 0000000000000008 b g_hidGuard
0000000000046450 0000000000000008 b g_sevenSixAxisSensorBuffer
0000000000046458 0000000000000020 b g_hidSharedmem
0000000000046478 0000000000000010 b g_hidIActiveVibrationDeviceList
0000000000046488 0000000000000010 b g_hidIAppletResource
0000000000046498 0000000000000010 b g_hidSrv
00000000000464a8 0000000000000080 b g_defaultWin
0000000000046528 0000000000000010 b g_viLayer
0000000000046538 0000000000000050 b g_viDisplay
0000000000046588 0000000000000008 b g_argv_empty
0000000000046590 0000000000000008 B __system_argv
0000000000046598 0000000000000004 B __system_argc
00000000000465a0 0000000000000340 B __nx_exceptiondump
00000000000468e0 0000000000000004 V __nx_exception_ignoredebug
00000000000468f0 0000000000000400 V __nx_exception_stack
0000000000046cf0 0000000000000008 V __nx_heap_size
0000000000046cf8 0000000000000008 b __bootticks
0000000000046d00 0000000000000008 b __boottime
0000000000046d08 0000000000000004 V __nx_time_type
0000000000046d10 0000000000000004 B __nxlink_host
0000000000046d20 0000000000002800 b fsdev_fsdevices
0000000000049520 0000000000000004 b fsdev_fsdevice_cwd
0000000000049524 0000000000000001 b fsdev_initialised
0000000000049528 0000000000000004 b g_randMutex
000000000004952c 0000000000000001 b g_randInit
0000000000049530 0000000000000040 b g_chacha
0000000000049570 0000000000000060 b g_tlsDestructors
00000000000495d0 0000000000000008 b g_tlsUsageMask
00000000000495e0 0000000000000038 b g_mainThread
0000000000049618 0000000000000008 b g_threadList
0000000000049620 0000000000000004 b g_threadMutex
0000000000049628 0000000000000008 b g_nvGuard
0000000000049630 0000000000000028 b g_nvTransfermem
0000000000049658 0000000000000010 b g_nvSrvClone
0000000000049668 0000000000000010 b g_nvSrv
0000000000049678 0000000000000008 b g_setsysGuard
0000000000049680 0000000000000010 b g_setsysSrv
0000000000049690 0000000000000008 b g_timeGuard
0000000000049698 0000000000000020 b g_timeSharedmem
00000000000496b8 0000000000000010 b g_timeLocalSystemClock
00000000000496c8 0000000000000010 b g_timeTimeZoneService
00000000000496d8 0000000000000010 b g_timeSteadyClock
00000000000496e8 0000000000000010 b g_timeNetworkSystemClock
00000000000496f8 0000000000000010 b g_timeUserSystemClock
0000000000049708 0000000000000010 b g_timeSrv
0000000000049718 0000000000000004 V __nx_time_service_type
0000000000049720 0000000000000008 b g_viGuard
0000000000049728 0000000000000010 b g_viIHOSBinderDriverIndirect
0000000000049738 0000000000000010 b g_viIManagerDisplayService
0000000000049748 0000000000000010 b g_viISystemDisplayService
0000000000049758 0000000000000010 b g_viIHOSBinderDriverRelay
0000000000049768 0000000000000010 b g_viIApplicationDisplayService
0000000000049778 0000000000000010 b g_viRootService
0000000000049788 0000000000000008 V __nx_vi_layer_id
0000000000049790 0000000000000008 b g_nvFenceGuard
0000000000049798 0000000000000300 b g_NvEvents
0000000000049a98 0000000000000008 b g_NvEventUsedMask
0000000000049aa0 0000000000000008 b g_nvMapGuard
0000000000049ab0 0000000000000028 b (anonymous namespace)::emergency_pool
0000000000049ad8 0000000000000004 b init
0000000000049adc 0000000000000001 B __eh_globals_init::_S_init
0000000000049ae0 0000000000000010 b (anonymous namespace)::eh_globals
0000000000049af0 0000000000000008 b (anonymous namespace)::__new_handler
0000000000049af8 0000000000000010 B std::chrono::tzdb_list::_Node::_S_head_owner
0000000000049b08 0000000000000020 V std::string::_Rep::_S_empty_rep_storage
0000000000049b28 0000000000000008 V guard variable for std::__cxx11::collate<wchar_t>::id
0000000000049b30 0000000000000008 V guard variable for std::__cxx11::messages<wchar_t>::id
0000000000049b38 0000000000000008 V guard variable for std::__cxx11::time_get<wchar_t, std::istreambuf_iterator<wchar_t, std::char_traits<wchar_t> > >::id
0000000000049b40 0000000000000008 V guard variable for std::__cxx11::numpunct<wchar_t>::id
0000000000049b48 0000000000000008 V guard variable for std::__cxx11::moneypunct<wchar_t, true>::id
0000000000049b50 0000000000000008 V guard variable for std::__cxx11::moneypunct<wchar_t, false>::id
0000000000049b58 0000000000000008 V guard variable for std::__cxx11::money_put<wchar_t, std::ostreambuf_iterator<wchar_t, std::char_traits<wchar_t> > >::id
0000000000049b60 0000000000000008 V guard variable for std::__cxx11::money_get<wchar_t, std::istreambuf_iterator<wchar_t, std::char_traits<wchar_t> > >::id
0000000000049b68 0000000000000008 V guard variable for std::collate<char>::id
0000000000049b70 0000000000000008 V guard variable for std::messages<char>::id
0000000000049b78 0000000000000008 V guard variable for std::time_get<char, std::istreambuf_iterator<char, std::char_traits<char> > >::id
0000000000049b80 0000000000000008 V guard variable for std::time_put<char, std::ostreambuf_iterator<char, std::char_traits<char> > >::id
0000000000049b88 0000000000000008 V guard variable for std::__timepunct<char>::id
0000000000049b90 0000000000000008 V guard variable for std::numpunct<char>::id
0000000000049b98 0000000000000008 V guard variable for std::moneypunct<char, true>::id
0000000000049ba0 0000000000000008 V guard variable for std::moneypunct<char, false>::id
0000000000049ba8 0000000000000008 V guard variable for std::money_put<char, std::ostreambuf_iterator<char, std::char_traits<char> > >::id
0000000000049bb0 0000000000000008 V guard variable for std::money_get<char, std::istreambuf_iterator<char, std::char_traits<char> > >::id
0000000000049bb8 0000000000000008 V guard variable for std::num_put<char, std::ostreambuf_iterator<char, std::char_traits<char> > >::id
0000000000049bc0 0000000000000008 V guard variable for std::num_get<char, std::istreambuf_iterator<char, std::char_traits<char> > >::id
0000000000049bc8 0000000000000008 V guard variable for std::collate<wchar_t>::id
0000000000049bd0 0000000000000008 V guard variable for std::messages<wchar_t>::id
0000000000049bd8 0000000000000008 V guard variable for std::time_get<wchar_t, std::istreambuf_iterator<wchar_t, std::char_traits<wchar_t> > >::id
0000000000049be0 0000000000000008 V guard variable for std::time_put<wchar_t, std::ostreambuf_iterator<wchar_t, std::char_traits<wchar_t> > >::id
0000000000049be8 0000000000000008 V guard variable for std::__timepunct<wchar_t>::id
0000000000049bf0 0000000000000008 V guard variable for std::numpunct<wchar_t>::id
0000000000049bf8 0000000000000008 V guard variable for std::moneypunct<wchar_t, true>::id
0000000000049c00 0000000000000008 V guard variable for std::moneypunct<wchar_t, false>::id
0000000000049c08 0000000000000008 V guard variable for std::money_put<wchar_t, std::ostreambuf_iterator<wchar_t, std::char_traits<wchar_t> > >::id
0000000000049c10 0000000000000008 V guard variable for std::money_get<wchar_t, std::istreambuf_iterator<wchar_t, std::char_traits<wchar_t> > >::id
0000000000049c18 0000000000000008 V guard variable for std::num_put<wchar_t, std::ostreambuf_iterator<wchar_t, std::char_traits<wchar_t> > >::id
0000000000049c20 0000000000000008 V guard variable for std::num_get<wchar_t, std::istreambuf_iterator<wchar_t, std::char_traits<wchar_t> > >::id
0000000000049c28 0000000000000008 V guard variable for std::__cxx11::collate<char>::id
0000000000049c30 0000000000000008 V guard variable for std::__cxx11::messages<char>::id
0000000000049c38 0000000000000008 V guard variable for std::__cxx11::time_get<char, std::istreambuf_iterator<char, std::char_traits<char> > >::id
0000000000049c40 0000000000000008 V guard variable for std::__cxx11::numpunct<char>::id
0000000000049c48 0000000000000008 V guard variable for std::__cxx11::moneypunct<char, true>::id
0000000000049c50 0000000000000008 V guard variable for std::__cxx11::moneypunct<char, false>::id
0000000000049c58 0000000000000008 V guard variable for std::__cxx11::money_put<char, std::ostreambuf_iterator<char, std::char_traits<char> > >::id
0000000000049c60 0000000000000008 V guard variable for std::__cxx11::money_get<char, std::istreambuf_iterator<char, std::char_traits<char> > >::id
0000000000049c68 0000000000000004 b once_regsizes.0
0000000000049c70 0000000000000062 b dwarf_reg_size_table
0000000000049cd8 0000000000000010 b object_mutex
0000000000049ce8 0000000000000008 b seen_objects
0000000000049cf0 0000000000000008 b unseen_objects
0000000000049cf8 000000000000000c b __sfp_recursive_mutex
0000000000049d08 0000000000000228 B __sf
0000000000049f30 0000000000000008 B __stdio_exit_handler
0000000000049f38 0000000000000050 B __malloc_current_mallinfo
0000000000049f88 0000000000000008 B __malloc_max_total_mem
0000000000049f90 0000000000000008 B __malloc_max_sbrked_mem
0000000000049f98 0000000000000008 B __malloc_top_pad
0000000000049fa0 000000000000000c b __malloc_recursive_mutex
0000000000049fac 0000000000000004 b alloced.0
0000000000049fb0 000000000000000c b __env_recursive_mutex
0000000000049fc0 0000000000000008 b initial_env
0000000000049fc8 0000000000000008 B __atexit
0000000000049fd0 000000000000000c B __atexit_recursive_mutex
0000000000049fe0 0000000000000400 b temp_cwd
000000000004a3e0 0000000000000004 b __hndl_lock
000000000004a3e8 0000000000000008 B fake_heap_start
000000000004a3f0 0000000000000008 B fake_heap_end
000000000004a3f8 0000000000000004 b __pthread_once_cv
000000000004a3fc 0000000000000004 b __pthread_once_lock
000000000004a400 0000000000000008 b heap_start.0
000000000004a408 b __tls_start
000000000004a818 b __bss_end__
000000000004a818 b __end__
000000000004a818 b __tls_end
000000000004b000 b __argdata__
